[2019-12-08T21:53:44.548] [DEBUG] cheese - login => username:xfn,password:123456
[2019-12-08T21:53:44.550] [DEBUG] cheese - xfn
[2019-12-08T21:53:44.561] [DEBUG] cheese - null
[2019-12-08T21:53:44.562] [DEBUG] cheese - null
[2019-12-08T21:54:25.104] [DEBUG] cheese - login => username:admin,password:123456
[2019-12-08T21:54:25.104] [DEBUG] cheese - admin
[2019-12-08T21:54:25.113] [DEBUG] cheese - null
[2019-12-08T21:54:25.114] [DEBUG] cheese - null
[2019-12-10T15:16:15.081] [DEBUG] cheese - login => username:admin,password:123456
[2019-12-10T15:16:15.082] [DEBUG] cheese - admin
[2019-12-10T15:16:15.105] [DEBUG] cheese - null
[2019-12-10T15:16:15.105] [DEBUG] cheese - null
[2019-12-10T15:25:57.578] [DEBUG] cheese - login => username:admin,password:123456
[2019-12-10T15:25:57.578] [DEBUG] cheese - admin
[2019-12-10T15:25:57.581] [DEBUG] cheese - null
[2019-12-10T15:25:57.581] [DEBUG] cheese - null
[2019-12-10T15:31:18.035] [DEBUG] cheese - login => username:admin,password:123456
[2019-12-10T15:31:18.035] [DEBUG] cheese - admin
[2019-12-10T15:31:18.039] [DEBUG] cheese - null
[2019-12-10T15:31:18.039] [DEBUG] cheese - null
[2019-12-10T15:38:33.498] [DEBUG] cheese - login => username:admin,password:123456
[2019-12-10T15:38:33.498] [DEBUG] cheese - admin
[2019-12-10T15:38:33.501] [DEBUG] cheese - null
[2019-12-10T15:38:33.501] [DEBUG] cheese - null
[2019-12-10T15:38:53.181] [DEBUG] cheese - login => username:admin,password:123456
[2019-12-10T15:38:53.181] [DEBUG] cheese - admin
[2019-12-10T15:38:53.184] [DEBUG] cheese - null
[2019-12-10T15:38:53.184] [DEBUG] cheese - null
[2019-12-10T21:34:20.415] [DEBUG] cheese - login => username:admin,password:123456
[2019-12-10T21:34:20.415] [DEBUG] cheese - admin
[2019-12-10T21:34:20.421] [DEBUG] cheese - null
[2019-12-10T21:34:20.422] [DEBUG] cheese - null
[2019-12-10T21:50:59.312] [DEBUG] cheese - login => username:admin,password:123456
[2019-12-10T21:50:59.312] [DEBUG] cheese - admin
[2019-12-10T21:50:59.315] [DEBUG] cheese - null
[2019-12-10T21:50:59.316] [DEBUG] cheese - null
[2019-12-10T22:26:10.542] [DEBUG] cheese - login => username:admin,password:123456
[2019-12-10T22:26:10.542] [DEBUG] cheese - admin
[2019-12-10T22:26:10.547] [DEBUG] cheese - null
[2019-12-10T22:26:10.547] [DEBUG] cheese - null
[2019-12-10T22:28:15.221] [DEBUG] cheese - login => username:admin,password:123456
[2019-12-10T22:28:15.221] [DEBUG] cheese - admin
[2019-12-10T22:28:15.228] [DEBUG] cheese - null
[2019-12-10T22:28:15.228] [DEBUG] cheese - null
[2019-12-10T22:28:20.484] [DEBUG] cheese - login => username:admin,password:123456
[2019-12-10T22:28:20.484] [DEBUG] cheese - admin
[2019-12-10T22:28:20.487] [DEBUG] cheese - null
[2019-12-10T22:28:20.487] [DEBUG] cheese - null
[2019-12-14T12:46:56.863] [DEBUG] cheese - login => username:admin,password:123456
[2019-12-14T12:46:56.864] [DEBUG] cheese - admin
[2019-12-14T12:46:56.887] [DEBUG] cheese - null
[2019-12-14T12:46:56.888] [DEBUG] cheese - null
[2019-12-14T12:52:22.271] [DEBUG] cheese - login => username:admin,password:123456
[2019-12-14T12:52:22.272] [DEBUG] cheese - admin
[2019-12-14T12:52:22.281] [DEBUG] cheese - null
[2019-12-14T12:52:22.282] [DEBUG] cheese - null
[2019-12-14T13:00:04.943] [DEBUG] cheese - login => username:admin,password:123456
[2019-12-14T13:00:04.943] [DEBUG] cheese - admin
[2019-12-14T13:00:04.948] [DEBUG] cheese - null
[2019-12-14T13:00:04.949] [DEBUG] cheese - null
[2019-12-14T13:06:29.244] [DEBUG] cheese - login => username:admin,password:123456
[2019-12-14T13:06:29.244] [DEBUG] cheese - admin
[2019-12-14T13:06:29.247] [DEBUG] cheese - null
[2019-12-14T13:06:29.248] [DEBUG] cheese - null
[2019-12-14T13:11:46.446] [DEBUG] cheese - login => username:admin,password:123456
[2019-12-14T13:11:46.446] [DEBUG] cheese - admin
[2019-12-14T13:11:46.449] [DEBUG] cheese - null
[2019-12-14T13:11:46.449] [DEBUG] cheese - null
[2019-12-14T13:18:35.104] [DEBUG] cheese - login => username:luoyang,password:123456
[2019-12-14T13:18:35.105] [DEBUG] cheese - luoyang
[2019-12-14T13:18:35.112] [DEBUG] cheese - null
[2019-12-14T13:18:35.112] [DEBUG] cheese - null
[2019-12-14T13:18:37.673] [DEBUG] cheese - login => username:luoyang,password:123456
[2019-12-14T13:18:37.673] [DEBUG] cheese - luoyang
[2019-12-14T13:18:37.675] [DEBUG] cheese - null
[2019-12-14T13:18:37.675] [DEBUG] cheese - null
[2019-12-14T13:18:49.766] [DEBUG] cheese - login => username:admin,password:123456
[2019-12-14T13:18:49.766] [DEBUG] cheese - admin
[2019-12-14T13:18:49.772] [DEBUG] cheese - null
[2019-12-14T13:18:49.772] [DEBUG] cheese - null
[2019-12-22T23:51:01.468] [DEBUG] cheese - login => username:admin,password:123456
[2019-12-22T23:51:01.469] [DEBUG] cheese - admin
[2019-12-22T23:51:01.480] [DEBUG] cheese - null
[2019-12-22T23:51:01.481] [DEBUG] cheese - null
